autoscan: warning: missing AC_CHECK_FUNCS([pow]) wanted by: 
	Calc.y:174
	Calc.y:307
autoscan: warning: missing AC_CHECK_HEADER_STDBOOL wanted by: 
	List.c:45
	List.c:69
	List.c:90
	Calc.y:31
	Calc.y:32
	Calc.y:310
	Calc.y:316
	Calc.l:65
	List.h:13
	List.h:15
	List.h:17
autoscan: warning: missing AC_C_INLINE wanted by: 
	List.c:27
autoscan: warning: missing AC_FUNC_ERROR_AT_LINE wanted by: 
	Calc.y:11
	Calc.y:220
	Calc.y:256
	Calc.y:347
autoscan: warning: missing AC_FUNC_MALLOC wanted by: 
	List.c:13
	List.c:15
	Calc.l:23
	Calc.l:50
autoscan: warning: missing AC_FUNC_REALLOC wanted by: 
	List.c:49
autoscan: warning: missing AC_TYPE_SIZE_T wanted by: 
	List.c:6
	List.c:7
	List.c:8
	List.c:11
	List.c:27
	List.c:32
	List.c:42
	List.c:43
	List.c:45
	Calc.y:17
	Calc.y:186
	Calc.y:199
	Calc.y:210
	Calc.l:22
	Calc.l:49
	List.h:6
	List.h:8
	List.h:9
	List.h:12
	List.h:13
